Traceback (most recent call last):
  File "C:\ProgramData\anaconda3\envs\scientometrics\Lib\site-packages\jupyter_cache\executors\utils.py", line 58, in single_nb_execution
    executenb(
  File "C:\ProgramData\anaconda3\envs\scientometrics\Lib\site-packages\nbclient\client.py", line 1305, in execute
    return NotebookClient(nb=nb, resources=resources, km=km, **kwargs).execute()
           ^^^^^^^^^^^^^^^^^^^^^^^^^^^^^^^^^^^^^^^^^^^^^^^^^^^^^^^^^^^^^^^^^^^^^
  File "C:\ProgramData\anaconda3\envs\scientometrics\Lib\site-packages\jupyter_core\utils\__init__.py", line 173, in wrapped
    return loop.run_until_complete(inner)
           ^^^^^^^^^^^^^^^^^^^^^^^^^^^^^^
  File "C:\ProgramData\anaconda3\envs\scientometrics\Lib\asyncio\base_events.py", line 687, in run_until_complete
    return future.result()
           ^^^^^^^^^^^^^^^
  File "C:\ProgramData\anaconda3\envs\scientometrics\Lib\site-packages\nbclient\client.py", line 705, in async_execute
    await self.async_execute_cell(
  File "C:\ProgramData\anaconda3\envs\scientometrics\Lib\site-packages\nbclient\client.py", line 1058, in async_execute_cell
    await self._check_raise_for_error(cell, cell_index, exec_reply)
  File "C:\ProgramData\anaconda3\envs\scientometrics\Lib\site-packages\nbclient\client.py", line 914, in _check_raise_for_error
    raise CellExecutionError.from_cell_and_msg(cell, exec_reply_content)
nbclient.exceptions.CellExecutionError: An error occurred while executing the following cell:
------------------
glue("Echart_Sankey", Echart_Sankey, display=False)
------------------


[1;31m---------------------------------------------------------------------------[0m
[1;31mTypeError[0m                                 Traceback (most recent call last)
Cell [1;32mIn[8], line 1[0m
[1;32m----> 1[0m glue([38;5;124m"[39m[38;5;124mEchart_Sankey[39m[38;5;124m"[39m, Echart_Sankey, display[38;5;241m=[39m[38;5;28;01mFalse[39;00m)

Cell [1;32mIn[4], line 22[0m, in [0;36mglueDecorator.<locals>.glueWrapper[1;34m(name, fig, **kwargs)[0m
[0;32m     19[0m     [38;5;28;01mreturn[39;00m func(name, pn[38;5;241m.[39mpane[38;5;241m.[39mPlotly(fig, [38;5;241m*[39m[38;5;241m*[39mkwargs), display[38;5;241m=[39m[38;5;28;01mFalse[39;00m)
[0;32m     21[0m [38;5;28;01melif[39;00m [38;5;124m'[39m[38;5;124mpyecharts[39m[38;5;124m'[39m [38;5;129;01min[39;00m [38;5;28mstr[39m([38;5;28mtype[39m(fig)):
[1;32m---> 22[0m     [38;5;28;01mreturn[39;00m func(name, pn[38;5;241m.[39mpane[38;5;241m.[39mECharts(fig, [38;5;241m*[39m[38;5;241m*[39mkwargs), display[38;5;241m=[39m[38;5;28;01mFalse[39;00m)
[0;32m     24[0m [38;5;28;01melse[39;00m:
[0;32m     25[0m     [38;5;28;01mreturn[39;00m func(name, fig, display[38;5;241m=[39m[38;5;28;01mFalse[39;00m)  [38;5;66;03m# For non-PDF builds, use regular glue()[39;00m

File [1;32mC:\ProgramData\anaconda3\envs\scientometrics\Lib\site-packages\panel\pane\echarts.py:62[0m, in [0;36mECharts.__init__[1;34m(self, object, **params)[0m
[0;32m     61[0m [38;5;28;01mdef[39;00m [38;5;21m__init__[39m([38;5;28mself[39m, [38;5;28mobject[39m[38;5;241m=[39m[38;5;28;01mNone[39;00m, [38;5;241m*[39m[38;5;241m*[39mparams):
[1;32m---> 62[0m     [38;5;28msuper[39m()[38;5;241m.[39m[38;5;21m__init__[39m([38;5;28mobject[39m, [38;5;241m*[39m[38;5;241m*[39mparams)
[0;32m     63[0m     [38;5;28mself[39m[38;5;241m.[39m_py_callbacks [38;5;241m=[39m defaultdict([38;5;28;01mlambda[39;00m: defaultdict([38;5;28mlist[39m))
[0;32m     64[0m     [38;5;28mself[39m[38;5;241m.[39m_js_callbacks [38;5;241m=[39m defaultdict([38;5;28mlist[39m)

File [1;32mC:\ProgramData\anaconda3\envs\scientometrics\Lib\site-packages\panel\pane\base.py:161[0m, in [0;36mPaneBase.__init__[1;34m(self, object, **params)[0m
[0;32m    159[0m [38;5;28;01mdef[39;00m [38;5;21m__init__[39m([38;5;28mself[39m, [38;5;28mobject[39m[38;5;241m=[39m[38;5;28;01mNone[39;00m, [38;5;241m*[39m[38;5;241m*[39mparams):
[0;32m    160[0m     [38;5;28mself[39m[38;5;241m.[39m_object_changing [38;5;241m=[39m [38;5;28;01mFalse[39;00m
[1;32m--> 161[0m     [38;5;28msuper[39m()[38;5;241m.[39m[38;5;21m__init__[39m([38;5;28mobject[39m[38;5;241m=[39m[38;5;28mobject[39m, [38;5;241m*[39m[38;5;241m*[39mparams)
[0;32m    162[0m     applies [38;5;241m=[39m [38;5;28mself[39m[38;5;241m.[39mapplies([38;5;28mself[39m[38;5;241m.[39mobject, [38;5;241m*[39m[38;5;241m*[39m(params [38;5;28;01mif[39;00m [38;5;28mself[39m[38;5;241m.[39m_applies_kw [38;5;28;01melse[39;00m {}))
[0;32m    163[0m     [38;5;28;01mif[39;00m ([38;5;28misinstance[39m(applies, [38;5;28mbool[39m) [38;5;129;01mand[39;00m [38;5;129;01mnot[39;00m applies) [38;5;129;01mand[39;00m [38;5;28mself[39m[38;5;241m.[39mobject [38;5;129;01mis[39;00m [38;5;129;01mnot[39;00m [38;5;28;01mNone[39;00m:

File [1;32mC:\ProgramData\anaconda3\envs\scientometrics\Lib\site-packages\panel\reactive.py:560[0m, in [0;36mReactive.__init__[1;34m(self, refs, **params)[0m
[0;32m    558[0m     [38;5;28;01mif[39;00m refs:
[0;32m    559[0m         param[38;5;241m.[39mbind([38;5;28mself[39m[38;5;241m.[39m_sync_refs, [38;5;241m*[39mrefs, watch[38;5;241m=[39m[38;5;28;01mTrue[39;00m)
[1;32m--> 560[0m [38;5;28msuper[39m()[38;5;241m.[39m[38;5;21m__init__[39m([38;5;241m*[39m[38;5;241m*[39mparams)

File [1;32mC:\ProgramData\anaconda3\envs\scientometrics\Lib\site-packages\panel\reactive.py:120[0m, in [0;36mSyncable.__init__[1;34m(self, **params)[0m
[0;32m    118[0m [38;5;28;01mdef[39;00m [38;5;21m__init__[39m([38;5;28mself[39m, [38;5;241m*[39m[38;5;241m*[39mparams):
[0;32m    119[0m     [38;5;28mself[39m[38;5;241m.[39m_themer [38;5;241m=[39m [38;5;28;01mNone[39;00m
[1;32m--> 120[0m     [38;5;28msuper[39m()[38;5;241m.[39m[38;5;21m__init__[39m([38;5;241m*[39m[38;5;241m*[39mparams)
[0;32m    122[0m     [38;5;66;03m# Useful when updating model properties which trigger potentially[39;00m
[0;32m    123[0m     [38;5;66;03m# recursive events[39;00m
[0;32m    124[0m     [38;5;28mself[39m[38;5;241m.[39m_updating [38;5;241m=[39m [38;5;28;01mFalse[39;00m

File [1;32mC:\ProgramData\anaconda3\envs\scientometrics\Lib\site-packages\panel\viewable.py:700[0m, in [0;36mViewable.__init__[1;34m(self, **params)[0m
[0;32m    698[0m [38;5;28;01mdef[39;00m [38;5;21m__init__[39m([38;5;28mself[39m, [38;5;241m*[39m[38;5;241m*[39mparams):
[0;32m    699[0m     hooks [38;5;241m=[39m params[38;5;241m.[39mpop([38;5;124m'[39m[38;5;124mhooks[39m[38;5;124m'[39m, [])
[1;32m--> 700[0m     [38;5;28msuper[39m()[38;5;241m.[39m[38;5;21m__init__[39m([38;5;241m*[39m[38;5;241m*[39mparams)
[0;32m    701[0m     [38;5;28mself[39m[38;5;241m.[39m_hooks [38;5;241m=[39m hooks
[0;32m    703[0m     [38;5;28;01mif[39;00m [38;5;28mself[39m[38;5;241m.[39mloading:

File [1;32mC:\ProgramData\anaconda3\envs\scientometrics\Lib\site-packages\panel\viewable.py:539[0m, in [0;36mRenderable.__init__[1;34m(self, **params)[0m
[0;32m    537[0m [38;5;28mself[39m[38;5;241m.[39m_comms [38;5;241m=[39m {}
[0;32m    538[0m [38;5;28mself[39m[38;5;241m.[39m_kernels [38;5;241m=[39m {}
[1;32m--> 539[0m [38;5;28msuper[39m()[38;5;241m.[39m[38;5;21m__init__[39m([38;5;241m*[39m[38;5;241m*[39mparams)
[0;32m    540[0m [38;5;28mself[39m[38;5;241m.[39m_found_links [38;5;241m=[39m [38;5;28mset[39m()
[0;32m    541[0m [38;5;28mself[39m[38;5;241m.[39m_logger [38;5;241m=[39m logging[38;5;241m.[39mgetLogger([38;5;124mf[39m[38;5;124m'[39m[38;5;132;01m{[39;00m[38;5;18m__name__[39m[38;5;132;01m}[39;00m[38;5;124m.[39m[38;5;132;01m{[39;00m[38;5;28mtype[39m([38;5;28mself[39m)[38;5;241m.[39m[38;5;18m__name__[39m[38;5;132;01m}[39;00m[38;5;124m'[39m)

File [1;32mC:\ProgramData\anaconda3\envs\scientometrics\Lib\site-packages\panel\viewable.py:300[0m, in [0;36mLayoutable.__init__[1;34m(self, **params)[0m
[0;32m    298[0m [38;5;28;01mif[39;00m [38;5;124m'[39m[38;5;124mdesign[39m[38;5;124m'[39m [38;5;129;01mnot[39;00m [38;5;129;01min[39;00m params [38;5;129;01mand[39;00m [38;5;28mself[39m[38;5;241m.[39mparam[38;5;241m.[39mdesign[38;5;241m.[39mdefault [38;5;129;01mis[39;00m [38;5;28;01mNone[39;00m:
[0;32m    299[0m     params[[38;5;124m'[39m[38;5;124mdesign[39m[38;5;124m'[39m] [38;5;241m=[39m config[38;5;241m.[39mdesign
[1;32m--> 300[0m [38;5;28msuper[39m()[38;5;241m.[39m[38;5;21m__init__[39m([38;5;241m*[39m[38;5;241m*[39mparams)

File [1;32mC:\ProgramData\anaconda3\envs\scientometrics\Lib\site-packages\param\parameterized.py:4187[0m, in [0;36mParameterized.__init__[1;34m(self, **params)[0m
[0;32m   4185[0m [38;5;28;01mif[39;00m [38;5;28mself[39m[38;5;241m.[39mparam[38;5;241m.[39mname[38;5;241m.[39mdefault [38;5;241m==[39m [38;5;28mself[39m[38;5;241m.[39m[38;5;18m__class__[39m[38;5;241m.[39m[38;5;18m__name__[39m:
[0;32m   4186[0m     [38;5;28mself[39m[38;5;241m.[39mparam[38;5;241m.[39m_generate_name()
[1;32m-> 4187[0m refs, deps [38;5;241m=[39m [38;5;28mself[39m[38;5;241m.[39mparam[38;5;241m.[39m_setup_params([38;5;241m*[39m[38;5;241m*[39mparams)
[0;32m   4188[0m object_count [38;5;241m+[39m[38;5;241m=[39m [38;5;241m1[39m
[0;32m   4190[0m [38;5;28mself[39m[38;5;241m.[39m_param__private[38;5;241m.[39minitialized [38;5;241m=[39m [38;5;28;01mTrue[39;00m

File [1;32mC:\ProgramData\anaconda3\envs\scientometrics\Lib\site-packages\param\parameterized.py:1685[0m, in [0;36mas_uninitialized.<locals>.override_initialization[1;34m(self_, *args, **kw)[0m
[0;32m   1683[0m original_initialized [38;5;241m=[39m parameterized_instance[38;5;241m.[39m_param__private[38;5;241m.[39minitialized
[0;32m   1684[0m parameterized_instance[38;5;241m.[39m_param__private[38;5;241m.[39minitialized [38;5;241m=[39m [38;5;28;01mFalse[39;00m
[1;32m-> 1685[0m ret [38;5;241m=[39m fn(self_, [38;5;241m*[39margs, [38;5;241m*[39m[38;5;241m*[39mkw)
[0;32m   1686[0m parameterized_instance[38;5;241m.[39m_param__private[38;5;241m.[39minitialized [38;5;241m=[39m original_initialized
[0;32m   1687[0m [38;5;28;01mreturn[39;00m ret

File [1;32mC:\ProgramData\anaconda3\envs\scientometrics\Lib\site-packages\param\parameterized.py:1938[0m, in [0;36mParameters._setup_params[1;34m(self_, **params)[0m
[0;32m   1936[0m desc [38;5;241m=[39m self_[38;5;241m.[39mcls[38;5;241m.[39mget_param_descriptor(name)[[38;5;241m0[39m] [38;5;66;03m# pylint: disable-msg=E1101[39;00m
[0;32m   1937[0m [38;5;28;01mif[39;00m [38;5;129;01mnot[39;00m desc:
[1;32m-> 1938[0m     [38;5;28;01mraise[39;00m [38;5;167;01mTypeError[39;00m(
[0;32m   1939[0m         [38;5;124mf[39m[38;5;124m"[39m[38;5;132;01m{[39;00m[38;5;28mself[39m[38;5;241m.[39m[38;5;18m__class__[39m[38;5;241m.[39m[38;5;18m__name__[39m[38;5;132;01m}[39;00m[38;5;124m.__init__() got an unexpected [39m[38;5;124m"[39m
[0;32m   1940[0m         [38;5;124mf[39m[38;5;124m"[39m[38;5;124mkeyword argument [39m[38;5;132;01m{[39;00mname[38;5;132;01m!r}[39;00m[38;5;124m"[39m
[0;32m   1941[0m     )
[0;32m   1943[0m pobj [38;5;241m=[39m objects[38;5;241m.[39mget(name)
[0;32m   1944[0m [38;5;28;01mif[39;00m pobj [38;5;129;01mis[39;00m [38;5;28;01mNone[39;00m [38;5;129;01mor[39;00m [38;5;129;01mnot[39;00m pobj[38;5;241m.[39mallow_refs:
[0;32m   1945[0m     [38;5;66;03m# Until Parameter.allow_refs=True by default we have to[39;00m
[0;32m   1946[0m     [38;5;66;03m# speculatively evaluate a values to check whether they[39;00m
[0;32m   1947[0m     [38;5;66;03m# contain a reference and warn the user that the[39;00m
[0;32m   1948[0m     [38;5;66;03m# behavior may change in future.[39;00m

[1;31mTypeError[0m: ECharts.__init__() got an unexpected keyword argument 'display'

